2026-04-28 21:09:55,162 - INFO - Sentinel started watching: C:\Users\LENOVO\Downloads
2026-04-28 21:19:44,030 - INFO - Sentinel started watching: C:\Users\LENOVO\Downloads
2026-04-28 21:20:19,570 - INFO - Successfully moved: New Text Document.txt -> C:\Users\LENOVO\Documents\General\New Text Document.txt
2026-04-28 21:22:08,461 - INFO - Successfully moved: assignment_test.txt -> C:\Users\LENOVO\Documents\General\assignment_test.txt
2026-04-28 21:25:07,012 - INFO - Sentinel started watching: C:\Users\LENOVO\Downloads
2026-04-28 21:29:48,238 - INFO - Successfully moved: assignment.txt -> C:\Users\LENOVO\Documents\College_Assignments\assignment.txt
2026-04-28 22:27:57,905 - INFO - Sentinel started watching: C:\Users\LENOVO\Downloads
2026-04-28 22:29:34,822 - INFO - Successfully moved: assisgnment.txt -> C:\Users\LENOVO\Documents\College_Assignments\assisgnment.txt
2026-04-30 22:40:06,998 - INFO - Sentinel started watching: C:\Users\LENOVO\Downloads
2026-04-30 22:40:33,914 - INFO - Successfully moved: pro.html -> C:\Users\LENOVO\Documents\Development\pro.html
2026-04-30 22:51:26,002 - INFO - Sentinel started watching: C:\Users\LENOVO\Downloads
2026-04-30 22:52:39,250 - INFO - Successfully moved: project.html -> D:\Pro\project.html
2026-04-30 22:55:22,039 - INFO - Successfully moved: pp.html -> C:\Users\LENOVO\Documents\Development\pp.html
2026-04-30 22:57:14,176 - INFO - Successfully moved: pp.html -> C:\Users\LENOVO\Documents\Development\pp.html
2026-05-02 21:34:37,073 - INFO - Sentinel started watching: C:\Users\LENOVO\Downloads
2026-05-02 21:37:50,390 - INFO - Successfully moved: demo.txt -> C:\Users\LENOVO\Documents\General\demo.txt
2026-05-02 21:39:34,268 - INFO - Successfully moved: demo.txt -> C:\Users\LENOVO\Documents\General\demo.txt
2026-05-02 21:55:14,933 - INFO - Successfully moved: dem.html -> C:\Users\LENOVO\Documents\Development\dem.html
2026-05-02 22:07:14,637 - INFO - Sentinel started watching: C:\Users\LENOVO\Downloads
2026-05-02 22:07:32,272 - INFO - Successfully moved: ran.txt -> D:\tmp\ran.txt
